<?xml version="1.0" encoding="UTF-8"?>
<!-- Generated by org.testng.reporters.JUnitReportReporter -->
<testsuite name="com.qtpselenium.hybrid.testcases.LoginTest" tests="2" time="52.199" ignored="0" failures="0" timestamp="22 Sep 2018 15:18:55 GMT" skipped="0" hostname="DESKTOP-NM05SVP" errors="0">
  <testcase name="doLogin" time="15.497" classname="com.qtpselenium.hybrid.testcases.LoginTest"/>
  <testcase name="doLogin" time="36.702" classname="com.qtpselenium.hybrid.testcases.LoginTest"/>
</testsuite> <!-- com.qtpselenium.hybrid.testcases.LoginTest -->
